<?xml version="1.0" encoding="UTF-8"?>
<testng-results ignored="0" total="2" passed="2" failed="0" skipped="0">
  <reporter-output>
  </reporter-output>
  <suite started-at="2022-12-12T15:55:03 PST" name="Default suite" finished-at="2022-12-12T15:55:39 PST" duration-ms="36718">
    <groups>
    </groups>
    <test started-at="2022-12-12T15:55:03 PST" name="Default test" finished-at="2022-12-12T15:55:39 PST" duration-ms="36718">
      <class name="tests.ActitimeToggleTest">
        <test-method is-config="true" signature="lunchBrowser()[pri:0, instance:tests.ActitimeToggleTest@55fe41ea]" started-at="2022-12-12T15:55:03 PST" name="lunchBrowser" finished-at="2022-12-12T15:55:09 PST" duration-ms="6274" status="PASS">
          <reporter-output>
          </reporter-output>
        </test-method> <!-- lunchBrowser -->
        <test-method signature="loginToAct()[pri:1, instance:tests.ActitimeToggleTest@55fe41ea]" started-at="2022-12-12T15:55:09 PST" name="loginToAct" finished-at="2022-12-12T15:55:17 PST" duration-ms="8098" status="PASS">
          <reporter-output>
          </reporter-output>
        </test-method> <!-- loginToAct -->
        <test-method signature="testMethod()[pri:2, instance:tests.ActitimeToggleTest@55fe41ea]" started-at="2022-12-12T15:55:17 PST" name="testMethod" finished-at="2022-12-12T15:55:23 PST" duration-ms="5870" status="PASS">
          <reporter-output>
          </reporter-output>
        </test-method> <!-- testMethod -->
        <test-method is-config="true" signature="closeBrowser()[pri:0, instance:tests.ActitimeToggleTest@55fe41ea]" started-at="2022-12-12T15:55:23 PST" name="closeBrowser" finished-at="2022-12-12T15:55:39 PST" duration-ms="16439" status="PASS">
          <reporter-output>
          </reporter-output>
        </test-method> <!-- closeBrowser -->
      </class> <!-- tests.ActitimeToggleTest -->
    </test> <!-- Default test -->
  </suite> <!-- Default suite -->
</testng-results>
